<?xml version="1.0" encoding="UTF-8"?>
<!-- Generated by org.testng.reporters.JUnitReportReporter -->
<testsuite hostname="LAPTOP-ECSQ59QM" failures="0" tests="1" name="regression.propertiesNewTest" time="0.217" errors="0" timestamp="2022-03-07T23:02:50 EST" skipped="0">
  <testcase classname="regression.propertiesNewTest" name="f" time="0.217"/>
  <system-out/>
</testsuite> <!-- regression.propertiesNewTest -->
