<?xml version="1.0" encoding="UTF-8"?>
<!-- Generated by org.testng.reporters.JUnitReportReporter -->
<testsuite hostname="LAPTOP-ECSQ59QM" failures="0" tests="1" name="regression.fbtest" time="0.199" errors="0" timestamp="2022-03-03T22:57:16 EST" skipped="0">
  <testcase classname="regression.fbtest" name="f" time="0.199"/>
  <system-out/>
</testsuite> <!-- regression.fbtest -->
